-------------------------------------------------------------------------------
Test set: ch.opentrainingcenter.database.dao.AthleteDaoTest
-------------------------------------------------------------------------------
Tests run: 4, Failures: 0, Errors: 0, Skipped: 0, Time elapsed: 0.059 sec - in ch.opentrainingcenter.database.dao.AthleteDaoTest
testSave(ch.opentrainingcenter.database.dao.AthleteDaoTest)  Time elapsed: 0.017 sec
testGetAthleteInt(ch.opentrainingcenter.database.dao.AthleteDaoTest)  Time elapsed: 0.011 sec
testGetAllAthletes(ch.opentrainingcenter.database.dao.AthleteDaoTest)  Time elapsed: 0.014 sec
testGetAthleteString(ch.opentrainingcenter.database.dao.AthleteDaoTest)  Time elapsed: 0.016 sec
