# JRE version: Java(TM) SE Runtime Environment (7.0_60-b19) (build 1.7.0_60-b19)
# Java VM: Java HotSpot(TM) 64-Bit Server VM (24.60-b09 mixed mode linux-amd64 compressed oops)
Heap
 PSYoungGen      total 140288K, used 49266K [0x00000007acb00000, 0x00000007bdd00000, 0x0000000800000000)
  eden space 130048K, 30% used [0x00000007acb00000,0x00000007af1226c0,0x00000007b4a00000)
  from space 10240K, 99% used [0x00000007b4a00000,0x00000007b53fa468,0x00000007b5400000)
  to   space 10240K, 0% used [0x00000007bd300000,0x00000007bd300000,0x00000007bdd00000)
 ParOldGen       total 170496K, used 25786K [0x0000000706200000, 0x0000000710880000, 0x00000007acb00000)
  object space 170496K, 15% used [0x0000000706200000,0x0000000707b2ea90,0x0000000710880000)
 PSPermGen       total 36352K, used 36051K [0x0000000701000000, 0x0000000703380000, 0x0000000706200000)
  object space 36352K, 99% used [0x0000000701000000,0x0000000703334e10,0x0000000703380000)
GC Heap History (6 events):
Event: 1,041 GC heap before
{Heap before GC invocations=1 (full 0):
 PSYoungGen      total 75264K, used 65024K [0x00000007acb00000, 0x00000007b1e80000, 0x0000000800000000)
  eden space 65024K, 100% used [0x00000007acb00000,0x00000007b0a80000,0x00000007b0a80000)
  from space 10240K, 0% used [0x00000007b1480000,0x00000007b1480000,0x00000007b1e80000)
  to   space 10240K, 0% used [0x00000007b0a80000,0x00000007b0a80000,0x00000007b1480000)
 ParOldGen       total 170496K, used 0K [0x0000000706200000, 0x0000000710880000, 0x00000007acb00000)
  object space 170496K, 0% used [0x0000000706200000,0x0000000706200000,0x0000000710880000)
 PSPermGen       total 21504K, used 8299K [0x0000000701000000, 0x0000000702500000, 0x0000000706200000)
  object space 21504K, 38% used [0x0000000701000000,0x000000070181ad98,0x0000000702500000)
Event: 1,062 GC heap after
Heap after GC invocations=1 (full 0):
 PSYoungGen      total 75264K, used 10217K [0x00000007acb00000, 0x00000007b5e00000, 0x0000000800000000)
  eden space 65024K, 0% used [0x00000007acb00000,0x00000007acb00000,0x00000007b0a80000)
  from space 10240K, 99% used [0x00000007b0a80000,0x00000007b147a610,0x00000007b1480000)
  to   space 10240K, 0% used [0x00000007b5400000,0x00000007b5400000,0x00000007b5e00000)
 ParOldGen       total 170496K, used 561K [0x0000000706200000, 0x0000000710880000, 0x00000007acb00000)
  object space 170496K, 0% used [0x0000000706200000,0x000000070628c6f0,0x0000000710880000)
 PSPermGen       total 21504K, used 8299K [0x0000000701000000, 0x0000000702500000, 0x0000000706200000)
  object space 21504K, 38% used [0x0000000701000000,0x000000070181ad98,0x0000000702500000)
}
Event: 2,222 GC heap before
{Heap before GC invocations=2 (full 0):
 PSYoungGen      total 75264K, used 75241K [0x00000007acb00000, 0x00000007b5e00000, 0x0000000800000000)
  eden space 65024K, 100% used [0x00000007acb00000,0x00000007b0a80000,0x00000007b0a80000)
  from space 10240K, 99% used [0x00000007b0a80000,0x00000007b147a610,0x00000007b1480000)
  to   space 10240K, 0% used [0x00000007b5400000,0x00000007b5400000,0x00000007b5e00000)
 ParOldGen       total 170496K, used 561K [0x0000000706200000, 0x0000000710880000, 0x00000007acb00000)
  object space 170496K, 0% used [0x0000000706200000,0x000000070628c6f0,0x0000000710880000)
 PSPermGen       total 21504K, used 11327K [0x0000000701000000, 0x0000000702500000, 0x0000000706200000)
  object space 21504K, 52% used [0x0000000701000000,0x0000000701b0fc08,0x0000000702500000)
Event: 2,249 GC heap after
Heap after GC invocations=2 (full 0):
 PSYoungGen      total 140288K, used 10216K [0x00000007acb00000, 0x00000007b5e00000, 0x0000000800000000)
  eden space 130048K, 0% used [0x00000007acb00000,0x00000007acb00000,0x00000007b4a00000)
  from space 10240K, 99% used [0x00000007b5400000,0x00000007b5dfa0d0,0x00000007b5e00000)
  to   space 10240K, 0% used [0x00000007b4a00000,0x00000007b4a00000,0x00000007b5400000)
 ParOldGen       total 170496K, used 4738K [0x0000000706200000, 0x0000000710880000, 0x00000007acb00000)
  object space 170496K, 2% used [0x0000000706200000,0x00000007066a0a00,0x0000000710880000)
 PSPermGen       total 21504K, used 11327K [0x0000000701000000, 0x0000000702500000, 0x0000000706200000)
  object space 21504K, 52% used [0x0000000701000000,0x0000000701b0fc08,0x0000000702500000)
}
Event: 3,797 GC heap before
{Heap before GC invocations=3 (full 0):
 PSYoungGen      total 140288K, used 140264K [0x00000007acb00000, 0x00000007b5e00000, 0x0000000800000000)
  eden space 130048K, 100% used [0x00000007acb00000,0x00000007b4a00000,0x00000007b4a00000)
  from space 10240K, 99% used [0x00000007b5400000,0x00000007b5dfa0d0,0x00000007b5e00000)
  to   space 10240K, 0% used [0x00000007b4a00000,0x00000007b4a00000,0x00000007b5400000)
 ParOldGen       total 170496K, used 4738K [0x0000000706200000, 0x0000000710880000, 0x00000007acb00000)
  object space 170496K, 2% used [0x0000000706200000,0x00000007066a0a00,0x0000000710880000)
 PSPermGen       total 28160K, used 27666K [0x0000000701000000, 0x0000000702b80000, 0x0000000706200000)
  object space 28160K, 98% used [0x0000000701000000,0x0000000702b048c8,0x0000000702b80000)
Event: 3,821 GC heap after
Heap after GC invocations=3 (full 0):
 PSYoungGen      total 140288K, used 10217K [0x00000007acb00000, 0x00000007bdd00000, 0x0000000800000000)
  eden space 130048K, 0% used [0x00000007acb00000,0x00000007acb00000,0x00000007b4a00000)
  from space 10240K, 99% used [0x00000007b4a00000,0x00000007b53fa468,0x00000007b5400000)
  to   space 10240K, 0% used [0x00000007bd300000,0x00000007bd300000,0x00000007bdd00000)
 ParOldGen       total 170496K, used 25786K [0x0000000706200000, 0x0000000710880000, 0x00000007acb00000)
  object space 170496K, 15% used [0x0000000706200000,0x0000000707b2ea90,0x0000000710880000)
 PSPermGen       total 28160K, used 27666K [0x0000000701000000, 0x0000000702b80000, 0x0000000706200000)
  object space 28160K, 98% used [0x0000000701000000,0x0000000702b048c8,0x0000000702b80000)
}

