# JRE version: Java(TM) SE Runtime Environment (7.0_60-b19) (build 1.7.0_60-b19)
# Java VM: Java HotSpot(TM) 64-Bit Server VM (24.60-b09 mixed mode linux-amd64 compressed oops)
Heap
 PSYoungGen      total 140288K, used 46556K [0x00000007acb00000, 0x00000007b5e00000, 0x0000000800000000)
  eden space 130048K, 27% used [0x00000007acb00000,0x00000007aee7a6b0,0x00000007b4a00000)
  from space 10240K, 99% used [0x00000007b5400000,0x00000007b5dfcb08,0x00000007b5e00000)
  to   space 10240K, 0% used [0x00000007b4a00000,0x00000007b4a00000,0x00000007b5400000)
 ParOldGen       total 170496K, used 26354K [0x0000000706200000, 0x0000000710880000, 0x00000007acb00000)
  object space 170496K, 15% used [0x0000000706200000,0x0000000707bbcb60,0x0000000710880000)
 PSPermGen       total 36352K, used 36053K [0x0000000701000000, 0x0000000703380000, 0x0000000706200000)
  object space 36352K, 99% used [0x0000000701000000,0x0000000703335428,0x0000000703380000)
GC Heap History (8 events):
Event: 0,666 GC heap before
{Heap before GC invocations=1 (full 0):
 PSYoungGen      total 75264K, used 65024K [0x00000007acb00000, 0x00000007b1e80000, 0x0000000800000000)
  eden space 65024K, 100% used [0x00000007acb00000,0x00000007b0a80000,0x00000007b0a80000)
  from space 10240K, 0% used [0x00000007b1480000,0x00000007b1480000,0x00000007b1e80000)
  to   space 10240K, 0% used [0x00000007b0a80000,0x00000007b0a80000,0x00000007b1480000)
 ParOldGen       total 170496K, used 0K [0x0000000706200000, 0x0000000710880000, 0x00000007acb00000)
  object space 170496K, 0% used [0x0000000706200000,0x0000000706200000,0x0000000710880000)
 PSPermGen       total 21504K, used 8299K [0x0000000701000000, 0x0000000702500000, 0x0000000706200000)
  object space 21504K, 38% used [0x0000000701000000,0x000000070181ad58,0x0000000702500000)
Event: 0,672 GC heap after
Heap after GC invocations=1 (full 0):
 PSYoungGen      total 75264K, used 10228K [0x00000007acb00000, 0x00000007b1e80000, 0x0000000800000000)
  eden space 65024K, 0% used [0x00000007acb00000,0x00000007acb00000,0x00000007b0a80000)
  from space 10240K, 99% used [0x00000007b0a80000,0x00000007b147d390,0x00000007b1480000)
  to   space 10240K, 0% used [0x00000007b1480000,0x00000007b1480000,0x00000007b1e80000)
 ParOldGen       total 170496K, used 533K [0x0000000706200000, 0x0000000710880000, 0x00000007acb00000)
  object space 170496K, 0% used [0x0000000706200000,0x00000007062854f0,0x0000000710880000)
 PSPermGen       total 21504K, used 8299K [0x0000000701000000, 0x0000000702500000, 0x0000000706200000)
  object space 21504K, 38% used [0x0000000701000000,0x000000070181ad58,0x0000000702500000)
}
Event: 1,456 GC heap before
{Heap before GC invocations=2 (full 0):
 PSYoungGen      total 75264K, used 75252K [0x00000007acb00000, 0x00000007b1e80000, 0x0000000800000000)
  eden space 65024K, 100% used [0x00000007acb00000,0x00000007b0a80000,0x00000007b0a80000)
  from space 10240K, 99% used [0x00000007b0a80000,0x00000007b147d390,0x00000007b1480000)
  to   space 10240K, 0% used [0x00000007b1480000,0x00000007b1480000,0x00000007b1e80000)
 ParOldGen       total 170496K, used 533K [0x0000000706200000, 0x0000000710880000, 0x00000007acb00000)
  object space 170496K, 0% used [0x0000000706200000,0x00000007062854f0,0x0000000710880000)
 PSPermGen       total 21504K, used 11330K [0x0000000701000000, 0x0000000702500000, 0x0000000706200000)
  object space 21504K, 52% used [0x0000000701000000,0x0000000701b10938,0x0000000702500000)
Event: 1,465 GC heap after
Heap after GC invocations=2 (full 0):
 PSYoungGen      total 75264K, used 10221K [0x00000007acb00000, 0x00000007b1e80000, 0x0000000800000000)
  eden space 65024K, 0% used [0x00000007acb00000,0x00000007acb00000,0x00000007b0a80000)
  from space 10240K, 99% used [0x00000007b1480000,0x00000007b1e7b6a0,0x00000007b1e80000)
  to   space 10240K, 0% used [0x00000007b0a80000,0x00000007b0a80000,0x00000007b1480000)
 ParOldGen       total 170496K, used 4955K [0x0000000706200000, 0x0000000710880000, 0x00000007acb00000)
  object space 170496K, 2% used [0x0000000706200000,0x00000007066d6eb0,0x0000000710880000)
 PSPermGen       total 21504K, used 11330K [0x0000000701000000, 0x0000000702500000, 0x0000000706200000)
  object space 21504K, 52% used [0x0000000701000000,0x0000000701b10938,0x0000000702500000)
}
Event: 2,336 GC heap before
{Heap before GC invocations=3 (full 0):
 PSYoungGen      total 75264K, used 75245K [0x00000007acb00000, 0x00000007b1e80000, 0x0000000800000000)
  eden space 65024K, 100% used [0x00000007acb00000,0x00000007b0a80000,0x00000007b0a80000)
  from space 10240K, 99% used [0x00000007b1480000,0x00000007b1e7b6a0,0x00000007b1e80000)
  to   space 10240K, 0% used [0x00000007b0a80000,0x00000007b0a80000,0x00000007b1480000)
 ParOldGen       total 170496K, used 4955K [0x0000000706200000, 0x0000000710880000, 0x00000007acb00000)
  object space 170496K, 2% used [0x0000000706200000,0x00000007066d6eb0,0x0000000710880000)
 PSPermGen       total 22016K, used 21944K [0x0000000701000000, 0x0000000702580000, 0x0000000706200000)
  object space 22016K, 99% used [0x0000000701000000,0x000000070256e0d0,0x0000000702580000)
Event: 2,350 GC heap after
Heap after GC invocations=3 (full 0):
 PSYoungGen      total 75264K, used 10215K [0x00000007acb00000, 0x00000007b5e00000, 0x0000000800000000)
  eden space 65024K, 0% used [0x00000007acb00000,0x00000007acb00000,0x00000007b0a80000)
  from space 10240K, 99% used [0x00000007b0a80000,0x00000007b1479ff8,0x00000007b1480000)
  to   space 10240K, 0% used [0x00000007b5400000,0x00000007b5400000,0x00000007b5e00000)
 ParOldGen       total 170496K, used 18824K [0x0000000706200000, 0x0000000710880000, 0x00000007acb00000)
  object space 170496K, 11% used [0x0000000706200000,0x0000000707462108,0x0000000710880000)
 PSPermGen       total 22016K, used 21944K [0x0000000701000000, 0x0000000702580000, 0x0000000706200000)
  object space 22016K, 99% used [0x0000000701000000,0x000000070256e0d0,0x0000000702580000)
}
Event: 2,789 GC heap before
{Heap before GC invocations=4 (full 0):
 PSYoungGen      total 75264K, used 75239K [0x00000007acb00000, 0x00000007b5e00000, 0x0000000800000000)
  eden space 65024K, 100% used [0x00000007acb00000,0x00000007b0a80000,0x00000007b0a80000)
  from space 10240K, 99% used [0x00000007b0a80000,0x00000007b1479ff8,0x00000007b1480000)
  to   space 10240K, 0% used [0x00000007b5400000,0x00000007b5400000,0x00000007b5e00000)
 ParOldGen       total 170496K, used 18824K [0x0000000706200000, 0x0000000710880000, 0x00000007acb00000)
  object space 170496K, 11% used [0x0000000706200000,0x0000000707462108,0x0000000710880000)
 PSPermGen       total 28160K, used 27852K [0x0000000701000000, 0x0000000702b80000, 0x0000000706200000)
  object space 28160K, 98% used [0x0000000701000000,0x0000000702b33160,0x0000000702b80000)
Event: 2,811 GC heap after
Heap after GC invocations=4 (full 0):
 PSYoungGen      total 140288K, used 10226K [0x00000007acb00000, 0x00000007b5e00000, 0x0000000800000000)
  eden space 130048K, 0% used [0x00000007acb00000,0x00000007acb00000,0x00000007b4a00000)
  from space 10240K, 99% used [0x00000007b5400000,0x00000007b5dfcb08,0x00000007b5e00000)
  to   space 10240K, 0% used [0x00000007b4a00000,0x00000007b4a00000,0x00000007b5400000)
 ParOldGen       total 170496K, used 26354K [0x0000000706200000, 0x0000000710880000, 0x00000007acb00000)
  object space 170496K, 15% used [0x0000000706200000,0x0000000707bbcb60,0x0000000710880000)
 PSPermGen       total 28160K, used 27852K [0x0000000701000000, 0x0000000702b80000, 0x0000000706200000)
  object space 28160K, 98% used [0x0000000701000000,0x0000000702b33160,0x0000000702b80000)
}

